2025-06-09 17:34:26,796 ChatBI->     INFO     收到的查询问题： 今天天气如何
2025-06-09 17:34:28,043 ChatBI->     INFO     路由的输出: grade=True
2025-06-09 17:34:28,218 ChatBI->     INFO     查询的类型function 返回的结果: [] 耗时：1.42秒
2025-06-09 17:34:54,295 ChatBI->     INFO     收到的查询问题： 今天上海天气如何
2025-06-09 17:34:54,471 ChatBI->     INFO     路由的输出: grade=True
2025-06-09 17:34:54,554 ChatBI->     INFO     查询的类型function 返回的结果: ['健康医疗'] 耗时：0.26秒
2025-06-09 17:35:11,526 ChatBI->     INFO     收到的查询问题： 讲个笑话
2025-06-09 17:35:11,696 ChatBI->     INFO     路由的输出: grade=False
2025-06-09 17:35:14,014 ChatBI->     INFO     查询的类型agent 返回的结果: 这里有一个笑话给你：

"在食堂吃饭时,发现红烧肉上全是毛,拔了两个多小时,结果发现是块姜!"

希望你会喜欢！😄 耗时：2.49秒
2025-06-09 17:35:36,639 ChatBI->     INFO     收到的查询问题： 睡眠质量改善方法
2025-06-09 17:35:36,810 ChatBI->     INFO     路由的输出: grade=False
2025-06-09 17:35:41,872 ChatBI->     INFO     查询的类型agent 返回的结果: 根据网络上的建议，这里有一些改善睡眠质量的方法：

1. **保持规律作息**：每天尽量在同一时间睡觉和起床，帮助调整生物钟。
2. **创造舒适的睡眠环境**：确保室内安静、黑暗且通风良好，选择一个舒适的枕头和床垫。
3. **避免刺激性食物和电子设备**：尤其是在睡前，避免摄入咖啡因或使用手机、电脑等电子设备。
4. **加强体育运动**：通过户外活动、健身等方式提高身体素质，可能有助于改善睡眠。
5. **改善情绪**：避免焦虑、过度自卑、抑郁等负面情绪，可以通过户外活动、与朋友交流等方式来调整情绪。
6. **改善睡眠环境**：确保休息的房间和床尽量舒适，避免噪音和强光等不良刺激。
7. **避免睡前摄入兴奋性饮料**：如咖啡、茶等，这些可能会干扰你的睡眠。

希望这些建议对你有所帮助！如果还有其他问题，请随时告诉我。 耗时：5.23秒
2025-06-09 17:36:10,891 ChatBI->     INFO     收到的查询问题： 从虹桥到上海川杨新苑3期怎么走
2025-06-09 17:36:11,155 ChatBI->     INFO     路由的输出: grade=True
2025-06-09 17:36:11,237 ChatBI->     INFO     查询的类型function 返回的结果: ['居家服务'] 耗时：0.35秒
2025-06-09 17:36:16,132 ChatBI->     INFO     收到的查询问题： 老年人每天需要摄入多少蛋白质
2025-06-09 17:36:16,348 ChatBI->     INFO     路由的输出: grade=True
2025-06-09 17:36:16,426 ChatBI->     INFO     查询的类型function 返回的结果: ['健康医疗'] 耗时：0.29秒
2025-06-09 17:36:23,336 ChatBI->     INFO     收到的查询问题： 高血压老人饮食要注意什么
2025-06-09 17:36:23,550 ChatBI->     INFO     路由的输出: grade=True
2025-06-09 17:36:23,633 ChatBI->     INFO     查询的类型function 返回的结果: ['健康医疗'] 耗时：0.30秒
2025-06-09 17:36:29,763 ChatBI->     INFO     收到的查询问题： 讲个笑话
2025-06-09 17:36:29,923 ChatBI->     INFO     路由的输出: grade=False
2025-06-09 17:36:31,776 ChatBI->     INFO     查询的类型agent 返回的结果: 好的，这里有一个笑话供您一笑：

为什么飞机飞这么高？
因为地上已经有人看飞机了，它不想让地上的人看飞机！ 耗时：2.01秒
2025-06-09 17:37:04,159 ChatBI->     INFO     收到的查询问题： 养老政策
2025-06-09 17:37:04,392 ChatBI->     INFO     路由的输出: grade=True
2025-06-09 17:37:04,470 ChatBI->     INFO     查询的类型function 返回的结果: ['养老机构'] 耗时：0.31秒
2025-06-09 17:37:13,059 ChatBI->     INFO     收到的查询问题： 123
2025-06-09 17:37:13,244 ChatBI->     INFO     路由的输出: grade=False
2025-06-09 17:37:13,571 ChatBI->     INFO     查询的类型agent 返回的结果: 这个数字看起来像是随机的，您需要帮助吗？请提供更多详细信息。 耗时：0.51秒
2025-06-09 17:37:22,654 ChatBI->     INFO     收到的查询问题： 讲个笑话
2025-06-09 17:37:22,820 ChatBI->     INFO     路由的输出: grade=False
2025-06-09 17:37:24,369 ChatBI->     INFO     查询的类型agent 返回的结果: 好的，这里有一个简短的笑话供您一笑：

为什么电脑经常生病？
因为它窗户（Windos）总是开着！ 耗时：1.71秒
2025-06-09 17:37:51,780 ChatBI->     INFO     收到的查询问题： 啦啦啦啦
2025-06-09 17:37:51,939 ChatBI->     INFO     路由的输出: grade=False
2025-06-09 17:37:52,098 ChatBI->     INFO     查询的类型agent 返回的结果: 你好！请问你需要帮助什么？ 耗时：0.32秒
2025-06-09 17:37:58,783 ChatBI->     INFO     收到的查询问题： 明天天气怎么样
2025-06-09 17:37:58,951 ChatBI->     INFO     路由的输出: grade=True
2025-06-09 17:37:59,015 ChatBI->     INFO     查询的类型function 返回的结果: [] 耗时：0.23秒
2025-06-09 17:39:21,460 ChatBI->     INFO     收到的查询问题： 讲个笑话
2025-06-09 17:39:21,637 ChatBI->     INFO     路由的输出: grade=False
2025-06-09 17:39:23,413 ChatBI->     INFO     查询的类型agent 返回的结果: 好的，这里有一个简短的笑话给你：

笑话：笑话太短,还没笑出来就结束了,像在便利店买的内裤,还没穿就过期了。 耗时：1.95秒
2025-06-09 17:39:52,065 ChatBI->     INFO     收到的查询问题： 养老政策
2025-06-09 17:39:52,291 ChatBI->     INFO     路由的输出: grade=True
2025-06-09 17:39:52,373 ChatBI->     INFO     查询的类型function 返回的结果: ['养老机构'] 耗时：0.31秒
2025-06-09 17:41:23,590 ChatBI->     INFO     收到的查询问题： 骨头汤补钙效果好吗
2025-06-09 17:41:23,840 ChatBI->     INFO     路由的输出: grade=False
2025-06-09 17:41:25,376 ChatBI->     INFO     查询的类型agent 返回的结果: 骨头汤中含有一定量的钙质，但其补钙效果可能不如直接摄入富含钙的食物高效。骨头汤中的钙需要经过长时间炖煮才能溶解出来，且其中还含有较多的脂肪和嘌呤，过量饮用可能对健康不利。建议在饮食中多样化摄取含钙食物，如牛奶、豆制品、绿叶蔬菜等，并根据自身情况考虑是否需要补充钙剂。 耗时：1.79秒
2025-06-09 17:41:28,453 ChatBI->     INFO     收到的查询问题： 老年人要控盐吗
2025-06-09 17:41:28,673 ChatBI->     INFO     路由的输出: grade=True
2025-06-09 17:41:28,751 ChatBI->     INFO     查询的类型function 返回的结果: ['健康医疗'] 耗时：0.30秒
