2025-06-09 17:19:15,752 ChatBI->     INFO     收到的查询问题： 讲个笑话把
2025-06-09 17:19:16,488 ChatBI->     INFO     路由的输出: grade=False
2025-06-09 17:19:17,911 ChatBI->     INFO     查询的类型agent 返回的结果: 好的，这是一个笑话：

有一天，小明去问老师：“老师，为什么我们不能在树上开超市？”
老师回答说：“因为那里没有顾客。”
小明想了想，又问：“那我们为什么不把超市开在天上呢？”
老师笑着说：“因为那里没有苹果。”

希望你喜欢这个笑话！ 耗时：2.16秒
2025-06-09 17:19:41,467 ChatBI->     INFO     收到的查询问题： hello
2025-06-09 17:19:41,753 ChatBI->     INFO     路由的输出: grade=False
2025-06-09 17:19:41,984 ChatBI->     INFO     查询的类型agent 返回的结果: Hello! How can I assist you today? 耗时：0.52秒
2025-06-09 17:20:39,054 ChatBI->     INFO     收到的查询问题： 心脏病吃什么药
2025-06-09 17:20:39,330 ChatBI->     INFO     路由的输出: grade=False
2025-06-09 17:20:39,906 ChatBI->     INFO     查询的类型agent 返回的结果: {
  "name": "get_knowledge",
  "arguments": {
    "query": "心脏病应该吃什么药"
  }
} 耗时：0.85秒
2025-06-09 17:21:37,854 ChatBI->     INFO     收到的查询问题： 明天上海天气怎么样
2025-06-09 17:21:38,133 ChatBI->     INFO     路由的输出: grade=False
2025-06-09 17:21:38,772 ChatBI->     INFO     查询的类型agent 返回的结果: <tools>
{
  "name": "get_weather",
  "arguments": {
    "city_name": "上海市"
  }
}
</tools> 耗时：0.92秒
2025-06-09 17:22:16,359 ChatBI->     INFO     收到的查询问题： 夏天吃什么水果
2025-06-09 17:22:16,634 ChatBI->     INFO     路由的输出: grade=False
2025-06-09 17:22:17,305 ChatBI->     INFO     查询的类型agent 返回的结果: <tools>
{
  "name": "web_search",
  "arguments": {
    "query": "夏天适合吃的水果"
  }
}
</tools> 耗时：0.95秒
2025-06-09 17:22:46,718 ChatBI->     INFO     收到的查询问题： 如何通过饮食改善睡眠质量
2025-06-09 17:22:46,974 ChatBI->     INFO     路由的输出: grade=False
2025-06-09 17:22:47,536 ChatBI->     INFO     查询的类型agent 返回的结果: <tools>
{"name": "web_search", "arguments": {"query": "如何通过饮食改善睡眠质量"}}
</tools> 耗时：0.82秒
2025-06-09 17:24:35,462 ChatBI->     INFO     收到的查询问题： 睡眠质量
2025-06-09 17:24:35,747 ChatBI->     INFO     路由的输出: grade=False
2025-06-09 17:24:36,423 ChatBI->     INFO     查询的类型agent 返回的结果: <tools>
{"name": "web_search", "arguments": {"query": "睡眠质量改善方法"}}
</tools> 耗时：0.96秒
2025-06-09 17:30:22,511 ChatBI->     INFO     收到的查询问题： 今天天气如何
2025-06-09 17:30:22,788 ChatBI->     INFO     路由的输出: grade=False
2025-06-09 17:30:23,465 ChatBI->     INFO     查询的类型agent 返回的结果: <tools>
{
  "name": "get_weather",
  "arguments": {
    "city_name": "上海市"
  }
}
</tools> 耗时：0.95秒
2025-06-09 17:30:33,012 ChatBI->     INFO     收到的查询问题： 123
2025-06-09 17:30:33,287 ChatBI->     INFO     路由的输出: grade=False
2025-06-09 17:30:33,489 ChatBI->     INFO     查询的类型agent 返回的结果: 抱歉，我不太明白你的意思。 耗时：0.48秒
2025-06-09 17:30:53,986 ChatBI->     INFO     收到的查询问题： 讲个笑话
2025-06-09 17:30:54,286 ChatBI->     INFO     路由的输出: grade=False
2025-06-09 17:30:56,102 ChatBI->     INFO     查询的类型agent 返回的结果: 好的，这是一个笑话：

有一天，小明去问老师：“老师，为什么太阳会从东边出来西边落下？”
老师回答说：“因为这是自然规律。”
小明又问：“那为什么地球是圆的呢？”
老师回答说：“因为这是科学事实。”
小明再问：“那为什么我妈妈说我是她亲生的呢？”
老师回答说：“因为这是家庭传统。”

希望你喜欢这个笑话！ 耗时：2.12秒
2025-06-09 17:31:30,779 ChatBI->     INFO     收到的查询问题： 123
2025-06-09 17:31:31,048 ChatBI->     INFO     路由的输出: grade=False
2025-06-09 17:31:31,248 ChatBI->     INFO     查询的类型agent 返回的结果: 抱歉，我不太明白你的意思。 耗时：0.47秒
2025-06-09 17:31:37,255 ChatBI->     INFO     收到的查询问题： 讲个笑话
2025-06-09 17:31:37,541 ChatBI->     INFO     路由的输出: grade=False
2025-06-09 17:31:39,344 ChatBI->     INFO     查询的类型agent 返回的结果: 好的，这是一个笑话：

有一天，小明去问老师：“老师，为什么太阳会从东边出来西边落下？”
老师回答说：“因为这是自然规律。”
小明又问：“那为什么地球是圆的呢？”
老师回答说：“因为这是科学事实。”
小明再问：“那为什么我妈妈说我是她亲生的呢？”
老师回答说：“因为这是家庭传统。”

希望你喜欢这个笑话！ 耗时：2.09秒
