2025-06-01 13:16:50,006 ChatBI->     INFO     收到的查询问题： 先脏病应该禁止吃什么
2025-06-01 13:16:50,728 ChatBI->     INFO     路由的输出: grade=False
2025-06-01 13:16:54,959 ChatBI->     INFO     查询的类型agent 返回的结果: 关于先脏病（可能是您想表达的“心脏病”）的饮食禁忌，我没有直接获取到信息。通常心脏病患者应避免高脂肪、高胆固醇、高盐分的食物。建议心脏病患者遵循医生或营养师的具体指导。如果有更具体的问题，可以咨询专业医生。 耗时：4.95秒
2025-06-01 13:17:09,949 ChatBI->     INFO     收到的查询问题： 心脏病应该禁止吃什么
2025-06-01 13:17:10,655 ChatBI->     INFO     路由的输出: grade=False
2025-06-01 13:17:13,987 ChatBI->     INFO     查询的类型agent 返回的结果: 心脏病患者应避免高脂肪、高胆固醇的食物，如动物内脏、全脂奶制品等；同时也要限制盐的摄入，少吃腌制、烟熏食品。具体还需要根据个人情况调整，建议咨询医生或营养师获得个性化建议。 耗时：4.04秒
2025-06-01 13:17:54,493 ChatBI->     INFO     收到的查询问题： 感冒咳嗽应该吃什么药
2025-06-01 13:17:55,191 ChatBI->     INFO     路由的输出: grade=False
2025-06-01 13:17:58,344 ChatBI->     INFO     查询的类型agent 返回的结果: 感冒咳嗽可以服用感冒灵颗粒或利巴韦林颗粒。但最好在医生指导下使用。 耗时：3.85秒
2025-06-01 13:18:27,267 ChatBI->     INFO     收到的查询问题： 心脏病应该吃什么药
2025-06-01 13:18:27,961 ChatBI->     INFO     路由的输出: grade=False
2025-06-01 13:18:30,651 ChatBI->     INFO     查询的类型agent 返回的结果: 关于心脏病应该吃什么药，建议您咨询专业的医生以获得针对您个人情况的建议。药物的选择和使用需要根据患者的具体病情来决定。 耗时：3.38秒
2025-06-01 13:18:46,073 ChatBI->     INFO     收到的查询问题： 心脏病可以吃什么药
2025-06-01 13:18:46,764 ChatBI->     INFO     路由的输出: grade=False
2025-06-01 13:18:49,693 ChatBI->     INFO     查询的类型agent 返回的结果: 关于心脏病可以使用的药物，建议咨询专业医生以获得针对个人情况的建议。不同的心脏病类型和患者的具体情况可能需要不同的治疗方案。请务必在医生的指导下使用药物。 耗时：3.62秒
2025-06-01 13:18:57,268 ChatBI->     INFO     收到的查询问题： 心脏病推荐吃什么药
2025-06-01 13:18:57,932 ChatBI->     INFO     路由的输出: grade=False
2025-06-01 13:19:00,520 ChatBI->     INFO     查询的类型agent 返回的结果: 对于心脏病的治疗，药物选择需要根据具体病情和医生的建议来确定。请咨询专业医生获取个性化治疗方案。 耗时：3.25秒
2025-06-01 13:19:16,880 ChatBI->     INFO     收到的查询问题： 心脏病推荐挂什么科室
2025-06-01 13:19:17,568 ChatBI->     INFO     路由的输出: grade=True
2025-06-01 13:19:17,911 ChatBI->     INFO     查询的类型function 返回的结果: ['健康医疗'] 耗时：1.03秒
2025-06-01 13:20:02,155 ChatBI->     INFO     收到的查询问题： 肺气肿应该吃什么药
2025-06-01 13:20:02,839 ChatBI->     INFO     路由的输出: grade=False
2025-06-01 13:20:05,557 ChatBI->     INFO     查询的类型agent 返回的结果: 肺气肿的治疗药物包括氨茶碱片和噻托溴铵粉雾剂。但请注意，具体用药请遵医嘱。 耗时：3.40秒
2025-06-01 13:20:43,300 ChatBI->     INFO     收到的查询问题： 心脏病应该吃什么药
2025-06-01 13:20:43,977 ChatBI->     INFO     路由的输出: grade=False
2025-06-01 13:20:46,657 ChatBI->     INFO     查询的类型agent 返回的结果: 关于心脏病应该吃什么药，建议您咨询专业的医生以获得针对您个人情况的建议。药物的选择和使用需要根据患者的具体病情来决定。 耗时：3.36秒
2025-06-01 13:21:25,974 ChatBI->     INFO     收到的查询问题： 今天有哪些新鲜事
2025-06-01 13:21:26,672 ChatBI->     INFO     路由的输出: grade=False
2025-06-01 13:21:29,701 ChatBI->     INFO     查询的类型agent 返回的结果: 今天有一些新鲜事，比如有人分享了他们班上张老师给学生发牛奶的事情，还有人在农场挖红薯的经历。这些都是最近的一些新鲜事，你可以点击链接查看详细内容。 耗时：3.73秒
2025-06-01 13:21:54,045 ChatBI->     INFO     收到的查询问题： 今天有哪些新闻
2025-06-01 13:21:54,754 ChatBI->     INFO     路由的输出: grade=False
2025-06-01 13:22:02,140 ChatBI->     INFO     查询的类型agent 返回的结果: 今天的一些新闻包括：
1. 央视网新闻频道报道了三亚正在努力打造“世界知名宜居宜游宜业热带滨海城市”。
2. 《人民日报》整版聚焦三亚，报道了三亚的发展情况。
3. 南方地区今天进入主汛期，淮河流域可能发生较大洪水。
4. 沿江地区有阵风7-8级的大风，提醒大家注意安全。
你可以通过这些链接查看详细内容：
- [央视网新闻频道](https://news.cctv.cn/)
- [人民日报聚焦三亚](https://www.thepaper.cn/newsDetail_forward_30916611)
- [南方地区进入主汛期](https://haokan.baidu.com/v?pd=wisenatural&vid=13984688044703979870)
- [沿江地区大风天气](https://www.jfdaily.com/sgh/detail?id=1582720) 耗时：8.09秒
2025-06-01 13:22:35,662 ChatBI->     INFO     收到的查询问题： 乳腺癌的治愈率是多少
2025-06-01 13:22:36,346 ChatBI->     INFO     路由的输出: grade=False
2025-06-01 13:22:39,703 ChatBI->     INFO     查询的类型agent 返回的结果: 关于乳腺癌的治愈率，我查到了这个问题，但是没有得到具体的数据。这个治愈率会根据癌症的阶段，病人的健康状况以及治疗方法等因素有所不同。一般来说，早期发现并治疗的乳腺癌患者，治愈率会更高。建议您咨询专业的医疗机构获取更准确的信息。 耗时：4.04秒
