2025-06-09 17:48:13,455 ChatBI->     INFO     收到的查询问题： 从虹桥到上海川杨新苑3期怎么走
2025-06-09 17:48:14,937 ChatBI->     INFO     路由的输出: grade=False
2025-06-09 17:48:15,862 ChatBI->     INFO     进入导航查询节点，起点：虹桥，终点：上海川杨新苑3期，导航模式：driving
2025-06-09 17:48:16,345 ChatBI->     INFO     导航查询结果：{'status': '1', 'info': 'OK', 'infocode': '10000', 'count': '1', 'route': {'origin': '109.607362,27.949859', 'destination': '121.633998,31.188597', 'taxi_cost': '3059', 'paths': [{'distance': '1457355', 'duration': '57327', 'strategy': '速度最快', 'tolls': '771', 'toll_distance': '1411327', 'steps': [{'instruction': '向西行驶19米右转'}, {'instruction': '沿虹桥东路向北行驶323米右转'}, {'instruction': '沿豹子湾路向东南行驶557米左转'}, {'instruction': '向东南行驶57米直行进入隧道'}, {'instruction': '沿八角楼隧道向东北行驶753米左转'}, {'instruction': '沿209国道向西北行驶554米直行进入隧道'}, {'instruction': '沿长坡隧道途径209国道向西北行驶2.5千米向右前方行驶'}, {'instruction': '沿209国道向西北行驶59米右转'}, {'instruction': '沿G56杭瑞高速入口向东北行驶261米减速行驶到达收费站'}, {'instruction': '沿G56杭瑞高速入口向北行驶420米靠右'}, {'instruction': '沿G56杭瑞高速入口途径G56杭瑞高速向东北行驶1.1千米靠左'}, {'instruction': '沿凤凰枢纽途径G56杭瑞高速向东北行驶1.2千米直行进入隧道'}, {'instruction': '沿杜夜隧道途径G56杭瑞高速向北行驶1.9千米直行进入隧道'}, {'instruction': '沿关村隧道途径G56杭瑞高速向北行驶12.7千米直行进入隧道'}, {'instruction': '沿龙子康隧道途径G56杭瑞高速向东北行驶9.0千米直行进入隧道'}, {'instruction': '沿冲口隧道途径G56杭瑞高速向北行驶766米直行进入隧道'}, {'instruction': '沿洞门龙隧道途径G56杭瑞高速向东北行驶1.9千米直行进入隧道'}, {'instruction': '沿双河隧道途径G56杭瑞高速向东北行驶4.2千米直行进入隧道'}, {'instruction': '沿树岩桥隧道途径G56杭瑞高速向东北行驶1.1千米直行进入隧道'}, {'instruction': '沿望城坡隧道途径G56杭瑞高速向东北行驶2.4千米向右前方行驶进入匝道'}, {'instruction': '沿吉首枢纽途径G56杭瑞高速、七方桥大桥向东行驶3.2千米直行进入隧道'}, {'instruction': '沿蓖麻溪隧道途径G56杭瑞高速向东行驶1.5千米直行进入隧道'}, {'instruction': '沿大溪隧道途径G56杭瑞高速向东行驶2.0千米直行进入隧道'}, {'instruction': '沿阿娜隧道途径G56杭瑞高速向东行驶1.3千米直行进入隧道'}, {'instruction': '沿夯齐冲隧道途径G56杭瑞高速向东行驶835米直行进入隧道'}, {'instruction': '沿司马河隧道途径G56杭瑞高速向东行驶1.2千米直行进入隧道'}, {'instruction': '沿后背溪隧道途径G56杭瑞高速向东北行驶1.2千米直行进入隧道'}, {'instruction': '沿排寨坪隧道途径G56杭瑞高速向东行驶853米直行进入隧道'}, {'instruction': '沿鸡公脑隧道途径G56杭瑞高速向东行驶1.0千米直行进入隧道'}, {'instruction': '沿儿门坡隧道途径G56杭瑞高速向东行驶1.1千米直行进入隧道'}, {'instruction': '沿度龙田隧道途径G56杭瑞高速向东行驶2.6千米直行进入隧道'}, {'instruction': '沿且朋溪隧道途径G56杭瑞高速向东行驶417米直行进入隧道'}, {'instruction': '沿溪树坳隧道途径G56杭瑞高速向东行驶1.8千米直行进入隧道'}, {'instruction': '沿桐木湾隧道途径G56杭瑞高速向东行驶1.2千米直行进入隧道'}, {'instruction': '沿小陂流隧道途径G56杭瑞高速、龙池坪武水大桥向东行驶6.5千米直行进入隧道'}, {'instruction': '沿雀儿溪隧道途径G56杭瑞高速向东行驶3.5千米直行进入隧道'}, {'instruction': '沿火麻冲隧道途径G56杭瑞高速向东行驶2.4千米直行进入隧道'}, {'instruction': '沿凉水井隧道途径G56杭瑞高速向东行驶1.8千米直行进入隧道'}, {'instruction': '沿仲溪隧道途径G56杭瑞高速向东行驶1.3千米直行进入隧道'}, {'instruction': '沿岩门界隧道途径G56杭瑞高速向东行驶4.0千米直行进入隧道'}, {'instruction': '沿旗山形隧道途径G56杭瑞高速、联盟武水大桥、沅水大桥、舒溪口大桥、蓝溪河大桥向东北行驶47.4千米直行进入隧道'}, {'instruction': '沿樱桃湾隧道途径G56杭瑞高速向东行驶3.9千米直行进入隧道'}, {'instruction': '沿豆子坪隧道途径G56杭瑞高速、龙洞溪大桥、后洞高架桥、跌洞溪大桥向东北行驶8.3千米直行进入隧道'}, {'instruction': '沿青山岗隧道途径G56杭瑞高速、马底驿Ⅱ号大桥向东行驶8.7千米直行进入隧道'}, {'instruction': '沿青龙尖隧道途径G56杭瑞高速向东北行驶416米直行进入隧道'}, {'instruction': '沿朱良溪隧道途径G56杭瑞高速向东北行驶1.9千米直行进入隧道'}, {'instruction': '沿土江冲隧道途径G56杭瑞高速向东行驶3.7千米直行进入隧道'}, {'instruction': '沿清水冲隧道途径G56杭瑞高速向东行驶4.2千米直行进入隧道'}, {'instruction': '沿牛儿垭隧道途径G56杭瑞高速向东行驶1.7千米直行进入隧道'}, {'instruction': '沿殿会坪隧道途径G56杭瑞高速向东南行驶1.8千米直行进入隧道'}, {'instruction': '沿地穆庵隧道途径G56杭瑞高速、怡溪Ⅴ号大桥向东行驶3.6千米直行进入隧道'}, {'instruction': '沿邓家湾隧道途径G56杭瑞高速向东行驶727米直行进入隧道'}, {'instruction': '沿梅子潭隧道途径G56杭瑞高速、怡溪Ⅰ号大桥向东行驶5.9千米直行进入隧道'}, {'instruction': '沿郭家溪隧道途径G56杭瑞高速向东行驶6.6千米靠左沿主路行驶'}, {'instruction': '沿G56杭瑞高速途径水溪大桥、回龙河大桥、双冲大桥向东北行驶83.1千米向右前方行驶进入匝道'}, {'instruction': '沿常德南枢纽向东北行驶283米靠左'}, {'instruction': '沿常德南枢纽途径G56杭瑞高速、李家坪大桥、沅水大桥向北行驶21.5千米向右前方行驶进入匝道'}, {'instruction': '沿G56杭瑞高速向东行驶6.6千米靠左沿主路行驶'}, {'instruction': '沿G56杭瑞高速向东行驶5.0千米直行进入隧道'}, {'instruction': '沿太阳山隧道途径G56杭瑞高速向东行驶1.1千米直行进入隧道'}, {'instruction': '沿月亮湾隧道途径G56杭瑞高速、西洋陂大桥、蒿子港大桥、安乡河大桥、和康垸2号特大桥、和康垸1号特大桥、肚湖大桥、安合垸大桥、华容河大桥向东北行驶112.7千米靠左沿主路行驶'}, {'instruction': '沿G56杭瑞高速途径建新二大桥、建新一大桥、杭瑞洞庭大桥、芭蕉湖特大桥向东行驶84.9千米靠左沿主路行驶'}, {'instruction': '沿G56杭瑞高速途径油港河特大桥向东南行驶7.8千米直行进入隧道'}, {'instruction': '沿西冲隧道途径G56杭瑞高速向东南行驶4.8千米直行进入隧道'}, {'instruction': '沿向家隧道途径G56杭瑞高速、陆水河大桥向东行驶85.1千米直行进入隧道'}, {'instruction': '沿田家窝隧道途径G56杭瑞高速向东行驶7.0千米靠左沿主路行驶'}, {'instruction': '沿G56杭瑞高速途径下杨畈大桥向东行驶33.9千米直行进入隧道'}, {'instruction': '沿鸡口山隧道途径G56杭瑞高速、白果树大桥向东行驶24.0千米直行进入隧道'}, {'instruction': '沿上官隧道途径G56杭瑞高速、泉口骆特大桥向东行驶57.7千米向右前方行驶进入匝道'}, {'instruction': '沿G56杭瑞高速出口途径S29麻阳高速向北行驶5.1千米直行进入隧道'}, {'instruction': '沿富枫隧道途径S29麻阳高速向东北行驶3.2千米直行进入隧道'}, {'instruction': '沿富池隧道途径S29麻阳高速、武穴长江公路大桥向东北行驶8.8千米直行进入隧道'}, {'instruction': '沿仙姑山隧道途径S29麻阳高速向北行驶8.2千米直行进入隧道'}, {'instruction': '沿太山隧道途径S29麻阳高速向北行驶5.8千米向右前方行驶进入匝道'}, {'instruction': '沿S29麻阳高速出口向北行驶393米靠右'}, {'instruction': '沿S29麻阳高速出口途径G50沪渝高速、团山河大桥、程家墩大桥、八一港大桥、二郎河大桥、凉亭河大桥、太湖大桥、横山大桥、陈铭大桥、古墩大桥、潜水河大桥、车轴寺大桥向东北行驶167.2千米向右前方行驶进入匝道'}, {'instruction': '沿鸽子墩枢纽向东北行驶437米靠右'}, {'instruction': '沿鸽子墩枢纽途径G50沪渝高速、三鸦寺湖大桥、湖湾大桥向东南行驶30.4千米靠左沿主路行驶'}, {'instruction': '沿G50沪渝高速途径石塘湖大桥、安庆长江大桥向南行驶15.0千米向右前方行驶进入匝道'}, {'instruction': '沿G50沪渝高速途径林东大桥、东埂大桥、新河大桥、黄湓大桥、清溪河大桥、杨山河大桥、九华河大桥、青通河大桥向东北行驶84.8千米靠左沿主路行驶'}, {'instruction': '沿G50沪渝高速途径黄岭大桥、新桥河大桥、钟鸣大桥向东北行驶34.8千米向右前方行驶进入匝道'}, {'instruction': '沿钟鸣枢纽向东北行驶411米向右前方行驶'}, {'instruction': '沿钟鸣枢纽途径G50沪渝高速、漳河特大桥、谢桥河大桥、孤峰河大桥、青弋江特大桥向东行驶59.4千米向右前方行驶进入匝道'}, {'instruction': '沿芜宣枢纽途径G50沪渝高速、楼屋中桥、宛溪河桥、泥河中桥、水阳江特大桥、胜家湾桥、万村大桥、白花桥、分界山桥、誓节大桥、黄金坝桥向东行驶70.9千米靠左'}, {'instruction': '沿G50沪渝高速途径长和桥、长湖申线桥、灰库桥向东行驶75.3千米直行进入隧道'}, {'instruction': '沿弁山隧道途径G50沪渝高速、小梅港桥、长兜港桥、横港桥、田湾漾桥、织太桥、箱山桥、陈仁斗桥、吴越桥、太浦河特大桥、京杭运河特大桥、三白荡大桥、莘塔高架桥、G50元荡桥、G50沪渝高速4号桥、小白荡桥、拦路港大桥、G50小里港桥、G50山泾港桥、G50南大港桥、G50东石河桥、G50普安江桥、G50九峰江桥、G50大盈港桥、G50三里港桥、G50下野河桥向东行驶111.8千米靠左沿主路行驶'}, {'instruction': '沿G50沪渝高速途径G50中心河桥、G50油墩港桥、G50千步泾桥、G50叶家浜桥、G50淀浦河桥、G50黄瓜槽桥、G50向阳河西桥向东行驶16.1千米靠左沿主路行驶'}, {'instruction': '沿G50沪渝高速向东行驶3.0千米减速行驶到达收费站'}, {'instruction': '沿G50沪渝高速向东行驶555米向右前方行驶进入匝道'}, {'instruction': '沿G50沪渝高速出口向东行驶178米靠右'}, {'instruction': '沿G50沪渝高速出口途径嘉闵高架路向东南行驶6.1千米向右前方行驶进入匝道'}, {'instruction': '沿嘉闵高架路出口向南行驶275米靠左'}, {'instruction': '沿嘉闵高架路出口途径高架桥、G60沪昆高速、七莘立交桥向东行驶2.4千米向右前方行驶进入匝道'}, {'instruction': '沿沪闵立交向东行驶431米靠左'}, {'instruction': '沿沪闵立交向东行驶110米靠右'}, {'instruction': '沿沪闵立交向东行驶361米靠左'}, {'instruction': '沿沪闵立交途径S20外环高速、徐浦大桥、上南路跨线桥、梓康河桥向东行驶19.9千米靠左沿主路行驶'}, {'instruction': '沿S20外环高速途径高新河桥向东行驶5.0千米靠左沿主路行驶'}, {'instruction': '沿S20外环高速向北行驶3.7千米向右前方行驶进入匝道'}, {'instruction': '沿华夏西路立交向北行驶159米靠左'}, {'instruction': '沿华夏西路立交向北行驶184米向左前方行驶进入左转专用道'}, {'instruction': '向西北行驶64米左转'}, {'instruction': '沿华夏中路向西行驶888米右转'}, {'instruction': '沿孙环路向北行驶270米左转调头'}, {'instruction': '沿孙环路向南行驶145米右转'}, {'instruction': '向西行驶202米到达目的地'}], 'restriction': '0', 'traffic_lights': '4'}]}}
2025-06-09 17:48:39,905 ChatBI->     INFO     收到的查询问题： 明天天气预报
2025-06-09 17:48:40,703 ChatBI->     INFO     路由的输出: grade=False
2025-06-09 17:48:41,070 ChatBI->     INFO     查询的类型agent 返回的结果: 请问您想查询哪个城市的天气预报？ 耗时：1.16秒
2025-06-09 17:48:47,145 ChatBI->     INFO     收到的查询问题： 北京的
2025-06-09 17:48:47,892 ChatBI->     INFO     路由的输出: grade=False
2025-06-09 17:48:48,357 ChatBI->     INFO     查询的类型agent 返回的结果: 您想查询关于北京的什么信息呢？请提供更多的细节。 耗时：1.21秒
2025-06-09 17:48:58,558 ChatBI->     INFO     收到的查询问题： 天气预报
2025-06-09 17:48:59,363 ChatBI->     INFO     路由的输出: grade=False
2025-06-09 17:48:59,847 ChatBI->     INFO     查询的类型agent 返回的结果: 请问您想查询哪个城市的天气预报呢？请提供城市名称。 耗时：1.29秒
2025-06-09 17:49:04,621 ChatBI->     INFO     收到的查询问题： 北京
2025-06-09 17:49:05,354 ChatBI->     INFO     路由的输出: grade=False
2025-06-09 17:49:06,069 ChatBI->     INFO     查询的类型agent 返回的结果: 您想了解关于北京的什么信息呢？是天气、地址查询、导航还是其他信息？请提供更多的细节。 耗时：1.45秒
2025-06-09 17:49:28,487 ChatBI->     INFO     查询的类型agent 返回的结果: 从虹桥到上海川杨新苑3期的路线如下：

1. 向西行驶19米右转。
2. 沿虹桥东路向北行驶323米右转。
3. 沿豹子湾路向东南行驶557米左转。
4. 向东南行驶57米直行进入隧道。
5. 沿八角楼隧道向东北行驶753米左转。
6. 沿209国道向西北行驶554米直行进入隧道。
7. 沿长坡隧道途径209国道向西北行驶2.5千米向右前方行驶。
8. 沿209国道向西北行驶59米右转。
9. 沿G56杭瑞高速入口向东北行驶261米减速行驶到达收费站。
10. 沿G56杭瑞高速入口向北行驶420米靠右。
11. 沿G56杭瑞高速入口途径G56杭瑞高速向东北行驶1.1千米靠左。
12. 沿凤凰枢纽途径G56杭瑞高速向东北行驶1.2千米直行进入隧道。
13. 沿杜夜隧道途径G56杭瑞高速向北行驶1.9千米直行进入隧道。
14. 沿关村隧道途径G56杭瑞高速向北行驶12.7千米直行进入隧道。
15. 沿龙子康隧道途径G56杭瑞高速向东北行驶9.0千米直行进入隧道。
16. 沿冲口隧道途径G56杭瑞高速向北行驶766米直行进入隧道。
17. 沿洞门龙隧道途径G56杭瑞高速向东北行驶1.9千米直行进入隧道。
18. 沿双河隧道途径G56杭瑞高速向东北行驶4.2千米直行进入隧道。
19. 沿树岩桥隧道途径G56杭瑞高速向东北行驶1.1千米直行进入隧道。
20. 沿望城坡隧道途径G56杭瑞高速向东北行驶2.4千米向右前方行驶进入匝道。
21. 沿吉首枢纽途径G56杭瑞高速、七方桥大桥向东行驶3.2千米直行进入隧道。
22. 沿蓖麻溪隧道途径G56杭瑞高速向东行驶1.5千米直行进入隧道。
23. 沿大溪隧道途径G56杭瑞高速向东行驶2.0千米直行进入隧道。
24. 沿阿娜隧道途径G56杭瑞高速向东行驶1.3千米直行进入隧道。
25. 沿夯齐冲隧道途径G56杭瑞高速向东行驶835米直行进入隧道。
26. 沿司马河隧道途径G56杭瑞高速向东行驶1.2千米直行进入隧道。
27. 沿后背溪隧道途径G56杭瑞高速向东行驶1.2千米直行进入隧道。
28. 沿排寨坪隧道途径G56杭瑞高速向东行驶853米直行进入隧道。
29. 沿鸡公脑隧道途径G56杭瑞高速向东行驶1.0千米直行进入隧道。
30. 沿儿门坡隧道途径G56杭瑞高速向东行驶1.1千米直行进入隧道。
31. 沿度龙田隧道途径G56杭瑞高速向东行驶2.6千米直行进入隧道。
32. 沿且朋溪隧道途径G56杭瑞高速向东行驶417米直行进入隧道。
33. 沿溪树坳隧道途径G56杭瑞高速向东行驶1.8千米直行进入隧道。
34. 沿桐木湾隧道途径G56杭瑞高速向东行驶1.2千米直行进入隧道。
35. 沿小陂流隧道途径G56杭瑞高速、龙池坪武水大桥向东行驶6.5千米直行进入隧道。
36. 沿雀儿溪隧道途径G56杭瑞高速向东行驶3.5千米直行进入隧道。
37. 沿火麻冲隧道途径G56杭瑞高速向东行驶2.4千米直行进入隧道。
38. 沿凉水井隧道途径G56杭瑞高速向东行驶1.8千米直行进入隧道。
39. 沿仲溪隧道途径G56杭瑞高速向东行驶1.3千米直行进入隧道。
40. 沿岩门界隧道途径G56杭瑞高速向东行驶4.0千米直行进入隧道。
41. 沿旗山形隧道途径G56杭瑞高速、联盟武水大桥、沅水大桥、舒溪口大桥、蓝溪河大桥向东北行驶47.4千米直行进入隧道。
42. 沿樱桃湾隧道途径G56杭瑞高速向东行驶3.9千米直行进入隧道。
43. 沿豆子坪隧道途径G56杭瑞高速、龙洞溪大桥、后洞高架桥、跌洞溪大桥向东北行驶8.3千米直行进入隧道。
44. 沿青山岗隧道途径G56杭瑞高速、马底驿Ⅱ号大桥向东行驶8.7千米直行进入隧道。
45. 沿青龙尖隧道途径G56杭瑞高速向东北行驶416米直行进入隧道。
46. 沿朱良溪隧道途径G56杭瑞高速向东北行驶1.9千米直行进入隧道。
47. 沿土江冲隧道途径G56杭瑞高速向东行驶3.7千米直行进入隧道。
48. 沿清水冲隧道途径G56杭瑞高速向东行驶4.2千米直行进入隧道。
49. 沿牛儿垭隧道途径G56杭瑞高速向东行驶1.7千米直行进入隧道。
50. 沿殿会坪隧道途径G56杭瑞高速向东南行驶1.8千米直行进入隧道。
51. 沿地穆庵隧道途径G56杭瑞高速、怡溪Ⅴ号大桥向东行驶3.6千米直行进入隧道。
52. 沿邓家湾隧道途径G56杭瑞高速向东行驶727米直行进入隧道。
53. 沿梅子潭隧道途径G56杭瑞高速、怡溪Ⅰ号大桥向东行驶5.9千米直行进入隧道。
54. 沿郭家溪隧道途径G56杭瑞高速向东行驶6.6千米靠左沿主路行驶。
55. 沿G56杭瑞高速途径水溪大桥、回龙河大桥、双冲大桥向东北行驶83.1千米向右前方行驶进入匝道。
56. 沿常德南枢纽向东北行驶283米靠左。
57. 沿常德南枢纽途径G56杭瑞高速、李家坪大桥、沅水大桥向北行驶21.5千米向右前方行驶进入匝道。
58. 沿G56杭瑞高速向东行驶6.6千米靠左沿主路行驶。
59. 沿G56杭瑞高速向东行驶5.0千米直行进入隧道。
60. 沿太阳山隧道途径G56杭瑞高速向东行驶1.1千米直行进入隧道。
61. 沿月亮湾隧道途径G56杭瑞高速、西洋陂大桥、蒿子港大桥、安乡河大桥、和康垸2号特大桥、和康垸1号特大桥、肚湖大桥、安合垸大桥、华容河大桥向东北行驶112.7千米靠左沿主路行驶。
62. 沿G56杭瑞高速途径建新二大桥、建新一大桥、杭瑞洞庭大桥、芭蕉湖特大桥向东行驶84.9千米靠左沿主路行驶。
63. 沿G56杭瑞高速途径油港河特大桥向东南行驶7.8千米直行进入隧道。
64. 沿西冲隧道途径G56杭瑞高速向东南行驶4.8千米直行进入隧道。
65. 沿向家隧道途径G56杭瑞高速、陆水河大桥向东行驶85.1千米直行进入隧道。
66. 沿田家窝隧道途径G56杭瑞高速向东行驶7.0千米靠左沿主路行驶。
67. 沿G56杭瑞高速途径下杨畈大桥向东行驶33.9千米直行进入隧道。
68. 沿鸡口山隧道途径G56杭瑞高速、白果树大桥向东行驶24.0千米直行进入隧道。
69. 沿上官隧道途径G56杭瑞高速、泉口骆特大桥向东行驶57.7千米向右前方行驶进入匝道。
70. 沿G56杭瑞高速出口途径S29麻阳高速向北行驶5.1千米直行进入隧道。
71. 沿富枫隧道途径S29麻阳高速向东北行驶3.2千米直行进入隧道。
72. 沿富池隧道途径S29麻阳高速、武穴长江公路大桥向东北行驶8.8千米直行进入隧道。
73. 沿仙姑山隧道途径S29麻阳高速向北行驶8.2千米直行进入隧道。
74. 沿太山隧道途径S29麻阳高速向北行驶5.8千米向右前方行驶进入匝道。
75. 沿S29麻阳高速出口向北行驶393米靠右。
76. 沿S29麻阳高速出口途径G50沪渝高速、团山河大桥、程家墩大桥、八一港大桥、二郎河大桥、凉亭河大桥、太湖大桥、横山大桥、陈铭大桥、古墩大桥、潜水河大桥、车轴寺大桥向东北行驶167.2千米向右前方行驶进入匝道。
77. 沿鸽子墩枢纽向东北行驶437米靠右。
78. 沿鸽子墩枢纽途径G50沪渝高速、三鸦寺湖大桥、湖湾大桥向东南行驶30.4千米靠左沿主路行驶。
79. 沿G50沪渝高速途径石塘湖大桥、安庆长江大桥向南行驶15.0千米向右前方行驶进入匝道。
80. 沿G50沪渝高速途径林东大桥、东埂大桥、新河大桥、黄湓大桥、清溪河大桥、杨山河大桥、九华河大桥、青通河大桥向东北行驶84.8千米靠左沿主路行驶。
81. 沿G50沪渝高速途径黄岭大桥、新桥河大桥、钟鸣大桥向东北行驶34.8千米向右前方行驶进入匝道。
82. 沿钟鸣枢纽向东北行驶411米向右前方行驶。
83. 沿钟鸣枢纽途径G50沪渝高速、漳河特大桥、谢桥河大桥、孤峰河大桥、青弋江特大桥向东行驶59.4千米向右前方行驶进入匝道。
84. 沿芜宣枢纽途径G50沪渝高速、楼屋中桥、宛溪河桥、泥河中桥、水阳江特大桥、胜家湾桥、万村大桥、白花桥、分界山桥、誓节大桥、黄金坝桥向东行驶70.9千米靠左。
85. 沿G50沪渝高速途径长和桥、长湖申线桥、灰库桥向东行驶75.3千米直行进入隧道。
86. 沿弁山隧道途径G50沪渝高速、小梅港桥、长兜港桥、横港桥、田湾漾桥、织太桥、箱山桥、陈仁斗桥、吴越桥、太浦河特大桥、京杭运河特大桥、三白荡大桥、莘塔高架桥、G50元荡桥、G50沪渝高速4号桥、小白荡桥、拦路港大桥、G50小里港桥、G50山泾港桥、G50南大港桥、G50东石河桥、G50普安江桥、G50九峰江桥、G50大盈港桥、G50三里港桥、G50下野河桥向东行驶111.8千米靠左沿主路行驶。
87. 沿G50沪渝高速途径G50中心河桥、G50油墩港桥、G50千步泾桥、G50叶家浜桥、G50淀浦河桥、G50黄瓜槽桥、G50向阳河西桥向东行驶16.1千米靠左沿主路行驶。
88. 沿G50沪渝高速向东行驶3.0千米减速行驶到达收费站。
89. 沿G50沪渝高速向东行驶555米向右前方行驶进入匝道。
90. 沿G50沪渝高速出口向东行驶178米靠右。
91. 沿G50沪渝高速出口途径嘉闵高架路向东南行驶6.1千米向右前方行驶进入匝道。
92. 沿嘉闵高架路出口向南行驶275米靠左。
93. 沿嘉闵高架路出口途径高架桥、G60沪昆高速、七莘立交桥向东行驶2.4千米向右前方行驶进入匝道。
94. 沿沪闵立交向东行驶431米靠左。
95. 沿沪闵立交向东行驶110米靠右。
96. 沿沪闵立交向东行驶361米靠左。
97. 沿沪闵立交途径S20外环高速、徐浦大桥、上南路跨线桥、梓康河桥向东行驶19.9千米靠左沿主路行驶。
98. 沿S20外环高速途径高新河桥向东行驶5.0千米靠左沿主路行驶。
99. 沿S20外环高速向北行驶3.7千米向右前方行驶进入匝道。
100. 沿华夏西路立交向北行驶159米靠左。
101. 沿华夏西路立交向北行驶184米向左前方行驶进入左转专用道。
102. 向西北行驶64米左转。
103. 沿华夏中路向西行驶888米右转。
104. 沿孙环路向北行驶270米左转调头。
105. 沿孙环路向南行驶145米右转。
106. 向西行驶202米到达目的地。

总距离为1457355米，预计耗时为57327秒。 耗时：75.03秒
