2025-06-09 17:49:41,505 ChatBI->     INFO     收到的查询问题： 明天天气如何
2025-06-09 17:49:42,323 ChatBI->     INFO     路由的输出: grade=False
2025-06-09 17:49:42,663 ChatBI->     INFO     查询的类型agent 返回的结果: 请问您想查询哪个城市的天气呢？ 耗时：1.16秒
2025-06-09 17:49:50,436 ChatBI->     INFO     收到的查询问题： 明天上海天气如何
2025-06-09 17:49:51,236 ChatBI->     INFO     路由的输出: grade=False
2025-06-09 17:49:51,788 ChatBI->     INFO     进入天气查询天气节点，城市名称：上海市
2025-06-09 17:49:52,170 ChatBI->     INFO     查询天气结果：{'status': '1', 'count': '1', 'info': 'OK', 'infocode': '10000', 'forecasts': [{'city': '上海市', 'adcode': '310000', 'province': '上海', 'reporttime': '2025-06-09 17:33:31', 'casts': [{'date': '2025-06-09', 'week': '1', 'dayweather': '小雨', 'nightweather': '小雨', 'daytemp': '25', 'nighttemp': '21', 'daywind': '东北', 'nightwind': '东北', 'daypower': '1-3', 'nightpower': '1-3', 'daytemp_float': '25.0', 'nighttemp_float': '21.0'}, {'date': '2025-06-10', 'week': '2', 'dayweather': '小雨', 'nightweather': '小雨', 'daytemp': '26', 'nighttemp': '21', 'daywind': '西北', 'nightwind': '西北', 'daypower': '1-3', 'nightpower': '1-3', 'daytemp_float': '26.0', 'nighttemp_float': '21.0'}, {'date': '2025-06-11', 'week': '3', 'dayweather': '小雨', 'nightweather': '中雨', 'daytemp': '24', 'nighttemp': '21', 'daywind': '东南', 'nightwind': '东南', 'daypower': '1-3', 'nightpower': '1-3', 'daytemp_float': '24.0', 'nighttemp_float': '21.0'}, {'date': '2025-06-12', 'week': '4', 'dayweather': '小雨', 'nightweather': '小雨', 'daytemp': '26', 'nighttemp': '23', 'daywind': '南', 'nightwind': '南', 'daypower': '1-3', 'nightpower': '1-3', 'daytemp_float': '26.0', 'nighttemp_float': '23.0'}]}]}
2025-06-09 17:49:53,035 ChatBI->     INFO     查询的类型agent 返回的结果: 明天上海市的天气预报为小雨，白天最高温度为26℃，夜间最低温度为21℃。请注意携带雨具。 耗时：2.60秒
2025-06-09 17:49:58,872 ChatBI->     INFO     收到的查询问题： 老年人要控盐吗
2025-06-09 17:49:59,672 ChatBI->     INFO     路由的输出: grade=False
2025-06-09 17:50:06,998 ChatBI->     INFO     查询的类型agent 返回的结果: 根据我找到的信息，老年人确实需要控制食盐的摄入量。健康成年人每天的食盐摄入量应控制在5克以内，而有高血压、糖尿病、冠心病、肾病、高脂血症等疾病的老年人可能需要进一步减少盐的摄入量，例如每天控制盐的量在3g左右。过多的钠摄入会影响钙的代谢，导致钙质流失，增加骨质疏松的风险，易造成老年人颈肩腰腿痛及骨折的发生。因此，老年人控盐不仅是健康生活的一部分，也是预防多种疾病的重要措施。建议老年人遵循健康饮食指南，减少食盐的摄入量，多吃新鲜的蔬菜和水果。如果有特殊健康状况，最好咨询医生或营养师的意见。 耗时：8.13秒
2025-06-09 17:50:19,472 ChatBI->     INFO     收到的查询问题： 高血压老人饮食要注意什么
2025-06-09 17:50:20,263 ChatBI->     INFO     路由的输出: grade=False
2025-06-09 17:50:22,930 ChatBI->     INFO     查询的类型agent 返回的结果: 高血压老人的饮食需要注意以下几点：
1. 低盐饮食：减少食盐摄入，每日食盐量不超过5克。
2. 控制脂肪摄入：少吃动物内脏、肥肉等高脂肪食物，多吃富含不饱和脂肪酸的食物，如深海鱼、坚果等。
3. 增加膳食纤维：多吃蔬菜、水果和粗粮，有助于降低血压。
4. 限制饮酒：尽量避免饮酒或少量饮用。
5. 保持适当体重：控制体重在正常范围内，避免肥胖。

建议您根据老人的具体情况，结合医生的建议，制定合理的饮食计划。 耗时：3.46秒
2025-06-09 17:50:37,005 ChatBI->     INFO     收到的查询问题： 讲个笑话
2025-06-09 17:50:37,775 ChatBI->     INFO     路由的输出: grade=False
2025-06-09 17:50:39,037 ChatBI->     INFO     查询的类型agent 返回的结果: 为什么26个字母只剩下25个了？因为Q被拴住了。注意，这是一个比较冷的笑话，可能需要一些字母Q被拴住的具体背景知识才能理解其中的幽默。如果你想要一个更通俗的笑话，或者有其他要求，请告诉我。 耗时：2.03秒
2025-06-09 17:50:42,666 ChatBI->     INFO     收到的查询问题： 高血压老人饮食要注意什么
2025-06-09 17:50:43,452 ChatBI->     INFO     路由的输出: grade=False
2025-06-09 17:50:46,121 ChatBI->     INFO     查询的类型agent 返回的结果: 高血压老人的饮食需要注意以下几点：
1. 低盐饮食：减少食盐摄入，每日食盐量不超过5克。
2. 控制脂肪摄入：少吃动物内脏、肥肉等高脂肪食物，多吃富含不饱和脂肪酸的食物，如深海鱼、坚果等。
3. 增加膳食纤维：多吃蔬菜、水果和粗粮，有助于降低血压。
4. 限制饮酒：尽量避免饮酒或少量饮用。
5. 保持适当体重：控制体重在正常范围内，避免肥胖。

建议您根据老人的具体情况，结合医生的建议，制定合理的饮食计划。 耗时：3.45秒
2025-06-09 17:51:12,928 ChatBI->     INFO     收到的查询问题： 今天天气如何
2025-06-09 17:51:13,735 ChatBI->     INFO     路由的输出: grade=False
2025-06-09 17:51:14,573 ChatBI->     INFO     进入查询当前所在城市名称节点 ...
2025-06-09 17:51:14,626 ChatBI->     INFO     查询当前所在城市名称结果：{'status': '1', 'info': 'OK', 'infocode': '10000', 'province': '上海市', 'city': '上海市', 'adcode': '310000', 'rectangle': '120.8397067,30.77980118;122.1137989,31.66889673'}
2025-06-09 17:51:15,188 ChatBI->     INFO     进入天气查询天气节点，城市名称：上海市
2025-06-09 17:51:15,388 ChatBI->     INFO     查询天气结果：{'status': '1', 'count': '1', 'info': 'OK', 'infocode': '10000', 'forecasts': [{'city': '上海市', 'adcode': '310000', 'province': '上海', 'reporttime': '2025-06-09 17:33:31', 'casts': [{'date': '2025-06-09', 'week': '1', 'dayweather': '小雨', 'nightweather': '小雨', 'daytemp': '25', 'nighttemp': '21', 'daywind': '东北', 'nightwind': '东北', 'daypower': '1-3', 'nightpower': '1-3', 'daytemp_float': '25.0', 'nighttemp_float': '21.0'}, {'date': '2025-06-10', 'week': '2', 'dayweather': '小雨', 'nightweather': '小雨', 'daytemp': '26', 'nighttemp': '21', 'daywind': '西北', 'nightwind': '西北', 'daypower': '1-3', 'nightpower': '1-3', 'daytemp_float': '26.0', 'nighttemp_float': '21.0'}, {'date': '2025-06-11', 'week': '3', 'dayweather': '小雨', 'nightweather': '中雨', 'daytemp': '24', 'nighttemp': '21', 'daywind': '东南', 'nightwind': '东南', 'daypower': '1-3', 'nightpower': '1-3', 'daytemp_float': '24.0', 'nighttemp_float': '21.0'}, {'date': '2025-06-12', 'week': '4', 'dayweather': '小雨', 'nightweather': '小雨', 'daytemp': '26', 'nighttemp': '23', 'daywind': '南', 'nightwind': '南', 'daypower': '1-3', 'nightpower': '1-3', 'daytemp_float': '26.0', 'nighttemp_float': '23.0'}]}]}
2025-06-09 17:51:16,900 ChatBI->     INFO     查询的类型agent 返回的结果: 今天是2025年6月9日，上海市的天气预报如下：白天和夜晚都是小雨，白天的最高气温为25℃，夜晚的最低气温为21℃，风向为东北风，风力等级为1-3级。请注意携带雨具。 耗时：3.97秒
2025-06-09 17:51:22,089 ChatBI->     INFO     收到的查询问题： 明天天气如何
2025-06-09 17:51:22,873 ChatBI->     INFO     路由的输出: grade=False
2025-06-09 17:51:23,211 ChatBI->     INFO     查询的类型agent 返回的结果: 请问您想查询哪个城市的天气呢？ 耗时：1.12秒
